
> sky-candy-database-api@1.0.0 test /Users/rachael/node-projects/sky-candy-database-api
> mocha --require test/setup.js --timeout 5000



  skill Endpoints
    GET /api/skill
      Given no skills
req IncomingMessage {
  _readableState: ReadableState {
    objectMode: false,
    highWaterMark: 16384,
    buffer: BufferList { head: null, tail: null, length: 0 },
    length: 0,
    pipes: null,
    pipesCount: 0,
    flowing: null,
    ended: false,
    endEmitted: false,
    reading: false,
    sync: true,
    needReadable: false,
    emittedReadable: false,
    readableListening: false,
    resumeScheduled: false,
    paused: true,
    emitClose: true,
    autoDestroy: false,
    destroyed: false,
    defaultEncoding: 'utf8',
    awaitDrain: 0,
    readingMore: true,
    decoder: null,
    encoding: null
  },
  readable: true,
  _events: [Object: null prototype] {
    end: [Function: resetHeadersTimeoutOnReqEnd]
  },
  _eventsCount: 1,
  _maxListeners: undefined,
  socket: Socket {
    connecting: false,
    _hadError: false,
    _parent: null,
    _host: null,
    _readableState: ReadableState {
      objectMode: false,
      highWaterMark: 16384,
      buffer: BufferList { head: null, tail: null, length: 0 },
      length: 0,
      pipes: null,
      pipesCount: 0,
      flowing: true,
      ended: false,
      endEmitted: false,
      reading: true,
      sync: false,
      needReadable: true,
      emittedReadable: false,
      readableListening: false,
      resumeScheduled: false,
      paused: false,
      emitClose: false,
      autoDestroy: false,
      destroyed: false,
      defaultEncoding: 'utf8',
      awaitDrain: 0,
      readingMore: false,
      decoder: null,
      encoding: null
    },
    readable: true,
    _events: [Object: null prototype] {
      end: [Array],
      drain: [Array],
      timeout: [Function: socketOnTimeout],
      data: [Function: bound socketOnData],
      error: [Array],
      close: [Array],
      resume: [Function: onSocketResume],
      pause: [Function: onSocketPause]
    },
    _eventsCount: 8,
    _maxListeners: undefined,
    _writableState: WritableState {
      objectMode: false,
      highWaterMark: 16384,
      finalCalled: false,
      needDrain: false,
      ending: false,
      ended: false,
      finished: false,
      destroyed: false,
      decodeStrings: false,
      defaultEncoding: 'utf8',
      length: 0,
      writing: false,
      corked: 0,
      sync: true,
      bufferProcessing: false,
      onwrite: [Function: bound onwrite],
      writecb: null,
      writelen: 0,
      bufferedRequest: null,
      lastBufferedRequest: null,
      pendingcb: 0,
      prefinished: false,
      errorEmitted: false,
      emitClose: false,
      autoDestroy: false,
      bufferedRequestCount: 0,
      corkedRequestsFree: [Object]
    },
    writable: true,
    allowHalfOpen: true,
    _sockname: null,
    _pendingData: null,
    _pendingEncoding: '',
    server: Server {
      _events: [Object: null prototype],
      _eventsCount: 2,
      _maxListeners: undefined,
      _connections: 1,
      _handle: [TCP],
      _usingWorkers: false,
      _workers: [],
      _unref: false,
      allowHalfOpen: true,
      pauseOnConnect: false,
      httpAllowHalfOpen: false,
      timeout: 120000,
      keepAliveTimeout: 5000,
      maxHeadersCount: null,
      headersTimeout: 40000,
      _connectionKey: '6::::0',
      [Symbol(IncomingMessage)]: [Function: IncomingMessage],
      [Symbol(ServerResponse)]: [Function: ServerResponse],
      [Symbol(asyncId)]: 117
    },
    _server: Server {
      _events: [Object: null prototype],
      _eventsCount: 2,
      _maxListeners: undefined,
      _connections: 1,
      _handle: [TCP],
      _usingWorkers: false,
      _workers: [],
      _unref: false,
      allowHalfOpen: true,
      pauseOnConnect: false,
      httpAllowHalfOpen: false,
      timeout: 120000,
      keepAliveTimeout: 5000,
      maxHeadersCount: null,
      headersTimeout: 40000,
      _connectionKey: '6::::0',
      [Symbol(IncomingMessage)]: [Function: IncomingMessage],
      [Symbol(ServerResponse)]: [Function: ServerResponse],
      [Symbol(asyncId)]: 117
    },
    timeout: 120000,
    parser: HTTPParser {
      '0': [Function: parserOnHeaders],
      '1': [Function: parserOnHeadersComplete],
      '2': [Function: parserOnBody],
      '3': [Function: parserOnMessageComplete],
      '4': [Function: bound onParserExecute],
      _headers: [],
      _url: '',
      socket: [Circular],
      incoming: [Circular],
      outgoing: null,
      maxHeaderPairs: 2000,
      _consumed: true,
      onIncoming: [Function: bound parserOnIncoming],
      parsingHeadersStart: 0
    },
    on: [Function: socketListenerWrap],
    addListener: [Function: socketListenerWrap],
    prependListener: [Function: socketListenerWrap],
    _paused: false,
    _httpMessage: ServerResponse {
      _events: [Object: null prototype],
      _eventsCount: 2,
      _maxListeners: undefined,
      outputData: [],
      outputSize: 0,
      writable: true,
      _last: false,
      chunkedEncoding: false,
      shouldKeepAlive: false,
      useChunkedEncodingByDefault: true,
      sendDate: true,
      _removedConnection: false,
      _removedContLen: false,
      _removedTE: false,
      _contentLength: null,
      _hasBody: true,
      _trailer: '',
      finished: false,
      _headerSent: false,
      socket: [Circular],
      connection: [Circular],
      _header: null,
      _onPendingData: [Function: bound updateOutgoingData],
      _sent100: false,
      _expect_continue: false,
      req: [Circular],
      locals: [Object: null prototype] {},
      _startAt: undefined,
      _startTime: undefined,
      writeHead: [Function: writeHead],
      __onFinished: [Function],
      [Symbol(isCorked)]: false,
      [Symbol(outHeadersKey)]: [Object: null prototype]
    },
    _peername: { address: '::ffff:127.0.0.1', family: 'IPv6', port: 57896 },
    [Symbol(asyncId)]: 126,
    [Symbol(kHandle)]: TCP {
      reading: true,
      onconnection: null,
      _consumed: true,
      [Symbol(owner)]: [Circular]
    },
    [Symbol(lastWriteQueueSize)]: 0,
    [Symbol(timeout)]: Timeout {
      _idleTimeout: 120000,
      _idlePrev: [TimersList],
      _idleNext: [TimersList],
      _idleStart: 699,
      _onTimeout: [Function: bound ],
      _timerArgs: undefined,
      _repeat: null,
      _destroyed: false,
      [Symbol(refed)]: false,
      [Symbol(asyncId)]: 127,
      [Symbol(triggerId)]: 126
    },
    [Symbol(kBytesRead)]: 0,
    [Symbol(kBytesWritten)]: 0
  },
  connection: Socket {
    connecting: false,
    _hadError: false,
    _parent: null,
    _host: null,
    _readableState: ReadableState {
      objectMode: false,
      highWaterMark: 16384,
      buffer: BufferList { head: null, tail: null, length: 0 },
      length: 0,
      pipes: null,
      pipesCount: 0,
      flowing: true,
      ended: false,
      endEmitted: false,
      reading: true,
      sync: false,
      needReadable: true,
      emittedReadable: false,
      readableListening: false,
      resumeScheduled: false,
      paused: false,
      emitClose: false,
      autoDestroy: false,
      destroyed: false,
      defaultEncoding: 'utf8',
      awaitDrain: 0,
      readingMore: false,
      decoder: null,
      encoding: null
    },
    readable: true,
    _events: [Object: null prototype] {
      end: [Array],
      drain: [Array],
      timeout: [Function: socketOnTimeout],
      data: [Function: bound socketOnData],
      error: [Array],
      close: [Array],
      resume: [Function: onSocketResume],
      pause: [Function: onSocketPause]
    },
    _eventsCount: 8,
    _maxListeners: undefined,
    _writableState: WritableState {
      objectMode: false,
      highWaterMark: 16384,
      finalCalled: false,
      needDrain: false,
      ending: false,
      ended: false,
      finished: false,
      destroyed: false,
      decodeStrings: false,
      defaultEncoding: 'utf8',
      length: 0,
      writing: false,
      corked: 0,
      sync: true,
      bufferProcessing: false,
      onwrite: [Function: bound onwrite],
      writecb: null,
      writelen: 0,
      bufferedRequest: null,
      lastBufferedRequest: null,
      pendingcb: 0,
      prefinished: false,
      errorEmitted: false,
      emitClose: false,
      autoDestroy: false,
      bufferedRequestCount: 0,
      corkedRequestsFree: [Object]
    },
    writable: true,
    allowHalfOpen: true,
    _sockname: null,
    _pendingData: null,
    _pendingEncoding: '',
    server: Server {
      _events: [Object: null prototype],
      _eventsCount: 2,
      _maxListeners: undefined,
      _connections: 1,
      _handle: [TCP],
      _usingWorkers: false,
      _workers: [],
      _unref: false,
      allowHalfOpen: true,
      pauseOnConnect: false,
      httpAllowHalfOpen: false,
      timeout: 120000,
      keepAliveTimeout: 5000,
      maxHeadersCount: null,
      headersTimeout: 40000,
      _connectionKey: '6::::0',
      [Symbol(IncomingMessage)]: [Function: IncomingMessage],
      [Symbol(ServerResponse)]: [Function: ServerResponse],
      [Symbol(asyncId)]: 117
    },
    _server: Server {
      _events: [Object: null prototype],
      _eventsCount: 2,
      _maxListeners: undefined,
      _connections: 1,
      _handle: [TCP],
      _usingWorkers: false,
      _workers: [],
      _unref: false,
      allowHalfOpen: true,
      pauseOnConnect: false,
      httpAllowHalfOpen: false,
      timeout: 120000,
      keepAliveTimeout: 5000,
      maxHeadersCount: null,
      headersTimeout: 40000,
      _connectionKey: '6::::0',
      [Symbol(IncomingMessage)]: [Function: IncomingMessage],
      [Symbol(ServerResponse)]: [Function: ServerResponse],
      [Symbol(asyncId)]: 117
    },
    timeout: 120000,
    parser: HTTPParser {
      '0': [Function: parserOnHeaders],
      '1': [Function: parserOnHeadersComplete],
      '2': [Function: parserOnBody],
      '3': [Function: parserOnMessageComplete],
      '4': [Function: bound onParserExecute],
      _headers: [],
      _url: '',
      socket: [Circular],
      incoming: [Circular],
      outgoing: null,
      maxHeaderPairs: 2000,
      _consumed: true,
      onIncoming: [Function: bound parserOnIncoming],
      parsingHeadersStart: 0
    },
    on: [Function: socketListenerWrap],
    addListener: [Function: socketListenerWrap],
    prependListener: [Function: socketListenerWrap],
    _paused: false,
    _httpMessage: ServerResponse {
      _events: [Object: null prototype],
      _eventsCount: 2,
      _maxListeners: undefined,
      outputData: [],
      outputSize: 0,
      writable: true,
      _last: false,
      chunkedEncoding: false,
      shouldKeepAlive: false,
      useChunkedEncodingByDefault: true,
      sendDate: true,
      _removedConnection: false,
      _removedContLen: false,
      _removedTE: false,
      _contentLength: null,
      _hasBody: true,
      _trailer: '',
      finished: false,
      _headerSent: false,
      socket: [Circular],
      connection: [Circular],
      _header: null,
      _onPendingData: [Function: bound updateOutgoingData],
      _sent100: false,
      _expect_continue: false,
      req: [Circular],
      locals: [Object: null prototype] {},
      _startAt: undefined,
      _startTime: undefined,
      writeHead: [Function: writeHead],
      __onFinished: [Function],
      [Symbol(isCorked)]: false,
      [Symbol(outHeadersKey)]: [Object: null prototype]
    },
    _peername: { address: '::ffff:127.0.0.1', family: 'IPv6', port: 57896 },
    [Symbol(asyncId)]: 126,
    [Symbol(kHandle)]: TCP {
      reading: true,
      onconnection: null,
      _consumed: true,
      [Symbol(owner)]: [Circular]
    },
    [Symbol(lastWriteQueueSize)]: 0,
    [Symbol(timeout)]: Timeout {
      _idleTimeout: 120000,
      _idlePrev: [TimersList],
      _idleNext: [TimersList],
      _idleStart: 699,
      _onTimeout: [Function: bound ],
      _timerArgs: undefined,
      _repeat: null,
      _destroyed: false,
      [Symbol(refed)]: false,
      [Symbol(asyncId)]: 127,
      [Symbol(triggerId)]: 126
    },
    [Symbol(kBytesRead)]: 0,
    [Symbol(kBytesWritten)]: 0
  },
  httpVersionMajor: 1,
  httpVersionMinor: 1,
  httpVersion: '1.1',
  complete: false,
  headers: {
    host: '127.0.0.1:57895',
    'accept-encoding': 'gzip, deflate',
    'user-agent': 'node-superagent/3.8.3',
    connection: 'close'
  },
  rawHeaders: [
    'Host',
    '127.0.0.1:57895',
    'Accept-Encoding',
    'gzip, deflate',
    'User-Agent',
    'node-superagent/3.8.3',
    'Connection',
    'close'
  ],
  trailers: {},
  rawTrailers: [],
  aborted: false,
  upgrade: false,
  url: '/',
  method: 'GET',
  statusCode: null,
  statusMessage: null,
  client: Socket {
    connecting: false,
    _hadError: false,
    _parent: null,
    _host: null,
    _readableState: ReadableState {
      objectMode: false,
      highWaterMark: 16384,
      buffer: BufferList { head: null, tail: null, length: 0 },
      length: 0,
      pipes: null,
      pipesCount: 0,
      flowing: true,
      ended: false,
      endEmitted: false,
      reading: true,
      sync: false,
      needReadable: true,
      emittedReadable: false,
      readableListening: false,
      resumeScheduled: false,
      paused: false,
      emitClose: false,
      autoDestroy: false,
      destroyed: false,
      defaultEncoding: 'utf8',
      awaitDrain: 0,
      readingMore: false,
      decoder: null,
      encoding: null
    },
    readable: true,
    _events: [Object: null prototype] {
      end: [Array],
      drain: [Array],
      timeout: [Function: socketOnTimeout],
      data: [Function: bound socketOnData],
      error: [Array],
      close: [Array],
      resume: [Function: onSocketResume],
      pause: [Function: onSocketPause]
    },
    _eventsCount: 8,
    _maxListeners: undefined,
    _writableState: WritableState {
      objectMode: false,
      highWaterMark: 16384,
      finalCalled: false,
      needDrain: false,
      ending: false,
      ended: false,
      finished: false,
      destroyed: false,
      decodeStrings: false,
      defaultEncoding: 'utf8',
      length: 0,
      writing: false,
      corked: 0,
      sync: true,
      bufferProcessing: false,
      onwrite: [Function: bound onwrite],
      writecb: null,
      writelen: 0,
      bufferedRequest: null,
      lastBufferedRequest: null,
      pendingcb: 0,
      prefinished: false,
      errorEmitted: false,
      emitClose: false,
      autoDestroy: false,
      bufferedRequestCount: 0,
      corkedRequestsFree: [Object]
    },
    writable: true,
    allowHalfOpen: true,
    _sockname: null,
    _pendingData: null,
    _pendingEncoding: '',
    server: Server {
      _events: [Object: null prototype],
      _eventsCount: 2,
      _maxListeners: undefined,
      _connections: 1,
      _handle: [TCP],
      _usingWorkers: false,
      _workers: [],
      _unref: false,
      allowHalfOpen: true,
      pauseOnConnect: false,
      httpAllowHalfOpen: false,
      timeout: 120000,
      keepAliveTimeout: 5000,
      maxHeadersCount: null,
      headersTimeout: 40000,
      _connectionKey: '6::::0',
      [Symbol(IncomingMessage)]: [Function: IncomingMessage],
      [Symbol(ServerResponse)]: [Function: ServerResponse],
      [Symbol(asyncId)]: 117
    },
    _server: Server {
      _events: [Object: null prototype],
      _eventsCount: 2,
      _maxListeners: undefined,
      _connections: 1,
      _handle: [TCP],
      _usingWorkers: false,
      _workers: [],
      _unref: false,
      allowHalfOpen: true,
      pauseOnConnect: false,
      httpAllowHalfOpen: false,
      timeout: 120000,
      keepAliveTimeout: 5000,
      maxHeadersCount: null,
      headersTimeout: 40000,
      _connectionKey: '6::::0',
      [Symbol(IncomingMessage)]: [Function: IncomingMessage],
      [Symbol(ServerResponse)]: [Function: ServerResponse],
      [Symbol(asyncId)]: 117
    },
    timeout: 120000,
    parser: HTTPParser {
      '0': [Function: parserOnHeaders],
      '1': [Function: parserOnHeadersComplete],
      '2': [Function: parserOnBody],
      '3': [Function: parserOnMessageComplete],
      '4': [Function: bound onParserExecute],
      _headers: [],
      _url: '',
      socket: [Circular],
      incoming: [Circular],
      outgoing: null,
      maxHeaderPairs: 2000,
      _consumed: true,
      onIncoming: [Function: bound parserOnIncoming],
      parsingHeadersStart: 0
    },
    on: [Function: socketListenerWrap],
    addListener: [Function: socketListenerWrap],
    prependListener: [Function: socketListenerWrap],
    _paused: false,
    _httpMessage: ServerResponse {
      _events: [Object: null prototype],
      _eventsCount: 2,
      _maxListeners: undefined,
      outputData: [],
      outputSize: 0,
      writable: true,
      _last: false,
      chunkedEncoding: false,
      shouldKeepAlive: false,
      useChunkedEncodingByDefault: true,
      sendDate: true,
      _removedConnection: false,
      _removedContLen: false,
      _removedTE: false,
      _contentLength: null,
      _hasBody: true,
      _trailer: '',
      finished: false,
      _headerSent: false,
      socket: [Circular],
      connection: [Circular],
      _header: null,
      _onPendingData: [Function: bound updateOutgoingData],
      _sent100: false,
      _expect_continue: false,
      req: [Circular],
      locals: [Object: null prototype] {},
      _startAt: undefined,
      _startTime: undefined,
      writeHead: [Function: writeHead],
      __onFinished: [Function],
      [Symbol(isCorked)]: false,
      [Symbol(outHeadersKey)]: [Object: null prototype]
    },
    _peername: { address: '::ffff:127.0.0.1', family: 'IPv6', port: 57896 },
    [Symbol(asyncId)]: 126,
    [Symbol(kHandle)]: TCP {
      reading: true,
      onconnection: null,
      _consumed: true,
      [Symbol(owner)]: [Circular]
    },
    [Symbol(lastWriteQueueSize)]: 0,
    [Symbol(timeout)]: Timeout {
      _idleTimeout: 120000,
      _idlePrev: [TimersList],
      _idleNext: [TimersList],
      _idleStart: 699,
      _onTimeout: [Function: bound ],
      _timerArgs: undefined,
      _repeat: null,
      _destroyed: false,
      [Symbol(refed)]: false,
      [Symbol(asyncId)]: 127,
      [Symbol(triggerId)]: 126
    },
    [Symbol(kBytesRead)]: 0,
    [Symbol(kBytesWritten)]: 0
  },
  _consuming: false,
  _dumped: false,
  next: [Function: next],
  baseUrl: '/api/skill',
  originalUrl: '/api/skill',
  _parsedUrl: Url {
    protocol: null,
    slashes: null,
    auth: null,
    host: null,
    port: null,
    hostname: null,
    hash: null,
    search: null,
    query: null,
    pathname: '/',
    path: '/',
    href: '/',
    _raw: '/'
  },
  params: {},
  query: {},
  res: ServerResponse {
    _events: [Object: null prototype] {
      finish: [Array],
      end: [Function: onevent]
    },
    _eventsCount: 2,
    _maxListeners: undefined,
    outputData: [],
    outputSize: 0,
    writable: true,
    _last: false,
    chunkedEncoding: false,
    shouldKeepAlive: false,
    useChunkedEncodingByDefault: true,
    sendDate: true,
    _removedConnection: false,
    _removedContLen: false,
    _removedTE: false,
    _contentLength: null,
    _hasBody: true,
    _trailer: '',
    finished: false,
    _headerSent: false,
    socket: Socket {
      connecting: false,
      _hadError: false,
      _parent: null,
      _host: null,
      _readableState: [ReadableState],
      readable: true,
      _events: [Object: null prototype],
      _eventsCount: 8,
      _maxListeners: undefined,
      _writableState: [WritableState],
      writable: true,
      allowHalfOpen: true,
      _sockname: null,
      _pendingData: null,
      _pendingEncoding: '',
      server: [Server],
      _server: [Server],
      timeout: 120000,
      parser: [HTTPParser],
      on: [Function: socketListenerWrap],
      addListener: [Function: socketListenerWrap],
      prependListener: [Function: socketListenerWrap],
      _paused: false,
      _httpMessage: [Circular],
      _peername: [Object],
      [Symbol(asyncId)]: 126,
      [Symbol(kHandle)]: [TCP],
      [Symbol(lastWriteQueueSize)]: 0,
      [Symbol(timeout)]: Timeout {
        _idleTimeout: 120000,
        _idlePrev: [TimersList],
        _idleNext: [TimersList],
        _idleStart: 699,
        _onTimeout: [Function: bound ],
        _timerArgs: undefined,
        _repeat: null,
        _destroyed: false,
        [Symbol(refed)]: false,
        [Symbol(asyncId)]: 127,
        [Symbol(triggerId)]: 126
      },
      [Symbol(kBytesRead)]: 0,
      [Symbol(kBytesWritten)]: 0
    },
    connection: Socket {
      connecting: false,
      _hadError: false,
      _parent: null,
      _host: null,
      _readableState: [ReadableState],
      readable: true,
      _events: [Object: null prototype],
      _eventsCount: 8,
      _maxListeners: undefined,
      _writableState: [WritableState],
      writable: true,
      allowHalfOpen: true,
      _sockname: null,
      _pendingData: null,
      _pendingEncoding: '',
      server: [Server],
      _server: [Server],
      timeout: 120000,
      parser: [HTTPParser],
      on: [Function: socketListenerWrap],
      addListener: [Function: socketListenerWrap],
      prependListener: [Function: socketListenerWrap],
      _paused: false,
      _httpMessage: [Circular],
      _peername: [Object],
      [Symbol(asyncId)]: 126,
      [Symbol(kHandle)]: [TCP],
      [Symbol(lastWriteQueueSize)]: 0,
      [Symbol(timeout)]: Timeout {
        _idleTimeout: 120000,
        _idlePrev: [TimersList],
        _idleNext: [TimersList],
        _idleStart: 699,
        _onTimeout: [Function: bound ],
        _timerArgs: undefined,
        _repeat: null,
        _destroyed: false,
        [Symbol(refed)]: false,
        [Symbol(asyncId)]: 127,
        [Symbol(triggerId)]: 126
      },
      [Symbol(kBytesRead)]: 0,
      [Symbol(kBytesWritten)]: 0
    },
    _header: null,
    _onPendingData: [Function: bound updateOutgoingData],
    _sent100: false,
    _expect_continue: false,
    req: [Circular],
    locals: [Object: null prototype] {},
    _startAt: undefined,
    _startTime: undefined,
    writeHead: [Function: writeHead],
    __onFinished: [Function: listener] { queue: [Array] },
    [Symbol(isCorked)]: false,
    [Symbol(outHeadersKey)]: [Object: null prototype] {
      'x-dns-prefetch-control': [Array],
      'x-frame-options': [Array],
      'strict-transport-security': [Array],
      'x-download-options': [Array],
      'x-content-type-options': [Array],
      'x-xss-protection': [Array]
    }
  },
  _startAt: [ 544232, 900197840 ],
  _startTime: 2019-10-09T23:39:44.747Z,
  _remoteAddress: '::ffff:127.0.0.1',
  route: Route { path: '/', stack: [ [Layer] ], methods: { get: true } }
}
** ** **  undefined
::ffff:127.0.0.1 - - [09/Oct/2019:23:39:44 +0000] "GET /api/skill HTTP/1.1" 500 258
        ✓ responds with 200 and an empty list (52ms)
running after each
      Given there are skills in the database
req IncomingMessage {
  _readableState: ReadableState {
    objectMode: false,
    highWaterMark: 16384,
    buffer: BufferList { head: null, tail: null, length: 0 },
    length: 0,
    pipes: null,
    pipesCount: 0,
    flowing: null,
    ended: false,
    endEmitted: false,
    reading: false,
    sync: true,
    needReadable: false,
    emittedReadable: false,
    readableListening: false,
    resumeScheduled: false,
    paused: true,
    emitClose: true,
    autoDestroy: false,
    destroyed: false,
    defaultEncoding: 'utf8',
    awaitDrain: 0,
    readingMore: true,
    decoder: null,
    encoding: null
  },
  readable: true,
  _events: [Object: null prototype] {
    end: [Function: resetHeadersTimeoutOnReqEnd]
  },
  _eventsCount: 1,
  _maxListeners: undefined,
  socket: Socket {
    connecting: false,
    _hadError: false,
    _parent: null,
    _host: null,
    _readableState: ReadableState {
      objectMode: false,
      highWaterMark: 16384,
      buffer: BufferList { head: null, tail: null, length: 0 },
      length: 0,
      pipes: null,
      pipesCount: 0,
      flowing: true,
      ended: false,
      endEmitted: false,
      reading: true,
      sync: false,
      needReadable: true,
      emittedReadable: false,
      readableListening: false,
      resumeScheduled: false,
      paused: false,
      emitClose: false,
      autoDestroy: false,
      destroyed: false,
      defaultEncoding: 'utf8',
      awaitDrain: 0,
      readingMore: false,
      decoder: null,
      encoding: null
    },
    readable: true,
    _events: [Object: null prototype] {
      end: [Array],
      drain: [Array],
      timeout: [Function: socketOnTimeout],
      data: [Function: bound socketOnData],
      error: [Array],
      close: [Array],
      resume: [Function: onSocketResume],
      pause: [Function: onSocketPause]
    },
    _eventsCount: 8,
    _maxListeners: undefined,
    _writableState: WritableState {
      objectMode: false,
      highWaterMark: 16384,
      finalCalled: false,
      needDrain: false,
      ending: false,
      ended: false,
      finished: false,
      destroyed: false,
      decodeStrings: false,
      defaultEncoding: 'utf8',
      length: 0,
      writing: false,
      corked: 0,
      sync: true,
      bufferProcessing: false,
      onwrite: [Function: bound onwrite],
      writecb: null,
      writelen: 0,
      bufferedRequest: null,
      lastBufferedRequest: null,
      pendingcb: 0,
      prefinished: false,
      errorEmitted: false,
      emitClose: false,
      autoDestroy: false,
      bufferedRequestCount: 0,
      corkedRequestsFree: [Object]
    },
    writable: true,
    allowHalfOpen: true,
    _sockname: null,
    _pendingData: null,
    _pendingEncoding: '',
    server: Server {
      _events: [Object: null prototype],
      _eventsCount: 2,
      _maxListeners: undefined,
      _connections: 1,
      _handle: [TCP],
      _usingWorkers: false,
      _workers: [],
      _unref: false,
      allowHalfOpen: true,
      pauseOnConnect: false,
      httpAllowHalfOpen: false,
      timeout: 120000,
      keepAliveTimeout: 5000,
      maxHeadersCount: null,
      headersTimeout: 40000,
      _connectionKey: '6::::0',
      [Symbol(IncomingMessage)]: [Function: IncomingMessage],
      [Symbol(ServerResponse)]: [Function: ServerResponse],
      [Symbol(asyncId)]: 342
    },
    _server: Server {
      _events: [Object: null prototype],
      _eventsCount: 2,
      _maxListeners: undefined,
      _connections: 1,
      _handle: [TCP],
      _usingWorkers: false,
      _workers: [],
      _unref: false,
      allowHalfOpen: true,
      pauseOnConnect: false,
      httpAllowHalfOpen: false,
      timeout: 120000,
      keepAliveTimeout: 5000,
      maxHeadersCount: null,
      headersTimeout: 40000,
      _connectionKey: '6::::0',
      [Symbol(IncomingMessage)]: [Function: IncomingMessage],
      [Symbol(ServerResponse)]: [Function: ServerResponse],
      [Symbol(asyncId)]: 342
    },
    timeout: 120000,
    parser: HTTPParser {
      '0': [Function: parserOnHeaders],
      '1': [Function: parserOnHeadersComplete],
      '2': [Function: parserOnBody],
      '3': [Function: parserOnMessageComplete],
      '4': [Function: bound onParserExecute],
      _headers: [],
      _url: '',
      socket: [Circular],
      incoming: [Circular],
      outgoing: null,
      maxHeaderPairs: 2000,
      _consumed: true,
      onIncoming: [Function: bound parserOnIncoming],
      parsingHeadersStart: 0
    },
    on: [Function: socketListenerWrap],
    addListener: [Function: socketListenerWrap],
    prependListener: [Function: socketListenerWrap],
    _paused: false,
    _httpMessage: ServerResponse {
      _events: [Object: null prototype],
      _eventsCount: 2,
      _maxListeners: undefined,
      outputData: [],
      outputSize: 0,
      writable: true,
      _last: false,
      chunkedEncoding: false,
      shouldKeepAlive: false,
      useChunkedEncodingByDefault: true,
      sendDate: true,
      _removedConnection: false,
      _removedContLen: false,
      _removedTE: false,
      _contentLength: null,
      _hasBody: true,
      _trailer: '',
      finished: false,
      _headerSent: false,
      socket: [Circular],
      connection: [Circular],
      _header: null,
      _onPendingData: [Function: bound updateOutgoingData],
      _sent100: false,
      _expect_continue: false,
      req: [Circular],
      locals: [Object: null prototype] {},
      _startAt: undefined,
      _startTime: undefined,
      writeHead: [Function: writeHead],
      __onFinished: [Function],
      [Symbol(isCorked)]: false,
      [Symbol(outHeadersKey)]: [Object: null prototype]
    },
    _peername: { address: '::ffff:127.0.0.1', family: 'IPv6', port: 57899 },
    [Symbol(asyncId)]: 351,
    [Symbol(kHandle)]: TCP {
      reading: true,
      onconnection: null,
      _consumed: true,
      [Symbol(owner)]: [Circular]
    },
    [Symbol(lastWriteQueueSize)]: 0,
    [Symbol(timeout)]: Timeout {
      _idleTimeout: 120000,
      _idlePrev: [TimersList],
      _idleNext: [TimersList],
      _idleStart: 818,
      _onTimeout: [Function: bound ],
      _timerArgs: undefined,
      _repeat: null,
      _destroyed: false,
      [Symbol(refed)]: false,
      [Symbol(asyncId)]: 352,
      [Symbol(triggerId)]: 351
    },
    [Symbol(kBytesRead)]: 0,
    [Symbol(kBytesWritten)]: 0
  },
  connection: Socket {
    connecting: false,
    _hadError: false,
    _parent: null,
    _host: null,
    _readableState: ReadableState {
      objectMode: false,
      highWaterMark: 16384,
      buffer: BufferList { head: null, tail: null, length: 0 },
      length: 0,
      pipes: null,
      pipesCount: 0,
      flowing: true,
      ended: false,
      endEmitted: false,
      reading: true,
      sync: false,
      needReadable: true,
      emittedReadable: false,
      readableListening: false,
      resumeScheduled: false,
      paused: false,
      emitClose: false,
      autoDestroy: false,
      destroyed: false,
      defaultEncoding: 'utf8',
      awaitDrain: 0,
      readingMore: false,
      decoder: null,
      encoding: null
    },
    readable: true,
    _events: [Object: null prototype] {
      end: [Array],
      drain: [Array],
      timeout: [Function: socketOnTimeout],
      data: [Function: bound socketOnData],
      error: [Array],
      close: [Array],
      resume: [Function: onSocketResume],
      pause: [Function: onSocketPause]
    },
    _eventsCount: 8,
    _maxListeners: undefined,
    _writableState: WritableState {
      objectMode: false,
      highWaterMark: 16384,
      finalCalled: false,
      needDrain: false,
      ending: false,
      ended: false,
      finished: false,
      destroyed: false,
      decodeStrings: false,
      defaultEncoding: 'utf8',
      length: 0,
      writing: false,
      corked: 0,
      sync: true,
      bufferProcessing: false,
      onwrite: [Function: bound onwrite],
      writecb: null,
      writelen: 0,
      bufferedRequest: null,
      lastBufferedRequest: null,
      pendingcb: 0,
      prefinished: false,
      errorEmitted: false,
      emitClose: false,
      autoDestroy: false,
      bufferedRequestCount: 0,
      corkedRequestsFree: [Object]
    },
    writable: true,
    allowHalfOpen: true,
    _sockname: null,
    _pendingData: null,
    _pendingEncoding: '',
    server: Server {
      _events: [Object: null prototype],
      _eventsCount: 2,
      _maxListeners: undefined,
      _connections: 1,
      _handle: [TCP],
      _usingWorkers: false,
      _workers: [],
      _unref: false,
      allowHalfOpen: true,
      pauseOnConnect: false,
      httpAllowHalfOpen: false,
      timeout: 120000,
      keepAliveTimeout: 5000,
      maxHeadersCount: null,
      headersTimeout: 40000,
      _connectionKey: '6::::0',
      [Symbol(IncomingMessage)]: [Function: IncomingMessage],
      [Symbol(ServerResponse)]: [Function: ServerResponse],
      [Symbol(asyncId)]: 342
    },
    _server: Server {
      _events: [Object: null prototype],
      _eventsCount: 2,
      _maxListeners: undefined,
      _connections: 1,
      _handle: [TCP],
      _usingWorkers: false,
      _workers: [],
      _unref: false,
      allowHalfOpen: true,
      pauseOnConnect: false,
      httpAllowHalfOpen: false,
      timeout: 120000,
      keepAliveTimeout: 5000,
      maxHeadersCount: null,
      headersTimeout: 40000,
      _connectionKey: '6::::0',
      [Symbol(IncomingMessage)]: [Function: IncomingMessage],
      [Symbol(ServerResponse)]: [Function: ServerResponse],
      [Symbol(asyncId)]: 342
    },
    timeout: 120000,
    parser: HTTPParser {
      '0': [Function: parserOnHeaders],
      '1': [Function: parserOnHeadersComplete],
      '2': [Function: parserOnBody],
      '3': [Function: parserOnMessageComplete],
      '4': [Function: bound onParserExecute],
      _headers: [],
      _url: '',
      socket: [Circular],
      incoming: [Circular],
      outgoing: null,
      maxHeaderPairs: 2000,
      _consumed: true,
      onIncoming: [Function: bound parserOnIncoming],
      parsingHeadersStart: 0
    },
    on: [Function: socketListenerWrap],
    addListener: [Function: socketListenerWrap],
    prependListener: [Function: socketListenerWrap],
    _paused: false,
    _httpMessage: ServerResponse {
      _events: [Object: null prototype],
      _eventsCount: 2,
      _maxListeners: undefined,
      outputData: [],
      outputSize: 0,
      writable: true,
      _last: false,
      chunkedEncoding: false,
      shouldKeepAlive: false,
      useChunkedEncodingByDefault: true,
      sendDate: true,
      _removedConnection: false,
      _removedContLen: false,
      _removedTE: false,
      _contentLength: null,
      _hasBody: true,
      _trailer: '',
      finished: false,
      _headerSent: false,
      socket: [Circular],
      connection: [Circular],
      _header: null,
      _onPendingData: [Function: bound updateOutgoingData],
      _sent100: false,
      _expect_continue: false,
      req: [Circular],
      locals: [Object: null prototype] {},
      _startAt: undefined,
      _startTime: undefined,
      writeHead: [Function: writeHead],
      __onFinished: [Function],
      [Symbol(isCorked)]: false,
      [Symbol(outHeadersKey)]: [Object: null prototype]
    },
    _peername: { address: '::ffff:127.0.0.1', family: 'IPv6', port: 57899 },
    [Symbol(asyncId)]: 351,
    [Symbol(kHandle)]: TCP {
      reading: true,
      onconnection: null,
      _consumed: true,
      [Symbol(owner)]: [Circular]
    },
    [Symbol(lastWriteQueueSize)]: 0,
    [Symbol(timeout)]: Timeout {
      _idleTimeout: 120000,
      _idlePrev: [TimersList],
      _idleNext: [TimersList],
      _idleStart: 818,
      _onTimeout: [Function: bound ],
      _timerArgs: undefined,
      _repeat: null,
      _destroyed: false,
      [Symbol(refed)]: false,
      [Symbol(asyncId)]: 352,
      [Symbol(triggerId)]: 351
    },
    [Symbol(kBytesRead)]: 0,
    [Symbol(kBytesWritten)]: 0
  },
  httpVersionMajor: 1,
  httpVersionMinor: 1,
  httpVersion: '1.1',
  complete: false,
  headers: {
    host: '127.0.0.1:57898',
    'accept-encoding': 'gzip, deflate',
    'user-agent': 'node-superagent/3.8.3',
    connection: 'close'
  },
  rawHeaders: [
    'Host',
    '127.0.0.1:57898',
    'Accept-Encoding',
    'gzip, deflate',
    'User-Agent',
    'node-superagent/3.8.3',
    'Connection',
    'close'
  ],
  trailers: {},
  rawTrailers: [],
  aborted: false,
  upgrade: false,
  url: '/?apparatus=lyra%20boy&level=intro',
  method: 'GET',
  statusCode: null,
  statusMessage: null,
  client: Socket {
    connecting: false,
    _hadError: false,
    _parent: null,
    _host: null,
    _readableState: ReadableState {
      objectMode: false,
      highWaterMark: 16384,
      buffer: BufferList { head: null, tail: null, length: 0 },
      length: 0,
      pipes: null,
      pipesCount: 0,
      flowing: true,
      ended: false,
      endEmitted: false,
      reading: true,
      sync: false,
      needReadable: true,
      emittedReadable: false,
      readableListening: false,
      resumeScheduled: false,
      paused: false,
      emitClose: false,
      autoDestroy: false,
      destroyed: false,
      defaultEncoding: 'utf8',
      awaitDrain: 0,
      readingMore: false,
      decoder: null,
      encoding: null
    },
    readable: true,
    _events: [Object: null prototype] {
      end: [Array],
      drain: [Array],
      timeout: [Function: socketOnTimeout],
      data: [Function: bound socketOnData],
      error: [Array],
      close: [Array],
      resume: [Function: onSocketResume],
      pause: [Function: onSocketPause]
    },
    _eventsCount: 8,
    _maxListeners: undefined,
    _writableState: WritableState {
      objectMode: false,
      highWaterMark: 16384,
      finalCalled: false,
      needDrain: false,
      ending: false,
      ended: false,
      finished: false,
      destroyed: false,
      decodeStrings: false,
      defaultEncoding: 'utf8',
      length: 0,
      writing: false,
      corked: 0,
      sync: true,
      bufferProcessing: false,
      onwrite: [Function: bound onwrite],
      writecb: null,
      writelen: 0,
      bufferedRequest: null,
      lastBufferedRequest: null,
      pendingcb: 0,
      prefinished: false,
      errorEmitted: false,
      emitClose: false,
      autoDestroy: false,
      bufferedRequestCount: 0,
      corkedRequestsFree: [Object]
    },
    writable: true,
    allowHalfOpen: true,
    _sockname: null,
    _pendingData: null,
    _pendingEncoding: '',
    server: Server {
      _events: [Object: null prototype],
      _eventsCount: 2,
      _maxListeners: undefined,
      _connections: 1,
      _handle: [TCP],
      _usingWorkers: false,
      _workers: [],
      _unref: false,
      allowHalfOpen: true,
      pauseOnConnect: false,
      httpAllowHalfOpen: false,
      timeout: 120000,
      keepAliveTimeout: 5000,
      maxHeadersCount: null,
      headersTimeout: 40000,
      _connectionKey: '6::::0',
      [Symbol(IncomingMessage)]: [Function: IncomingMessage],
      [Symbol(ServerResponse)]: [Function: ServerResponse],
      [Symbol(asyncId)]: 342
    },
    _server: Server {
      _events: [Object: null prototype],
      _eventsCount: 2,
      _maxListeners: undefined,
      _connections: 1,
      _handle: [TCP],
      _usingWorkers: false,
      _workers: [],
      _unref: false,
      allowHalfOpen: true,
      pauseOnConnect: false,
      httpAllowHalfOpen: false,
      timeout: 120000,
      keepAliveTimeout: 5000,
      maxHeadersCount: null,
      headersTimeout: 40000,
      _connectionKey: '6::::0',
      [Symbol(IncomingMessage)]: [Function: IncomingMessage],
      [Symbol(ServerResponse)]: [Function: ServerResponse],
      [Symbol(asyncId)]: 342
    },
    timeout: 120000,
    parser: HTTPParser {
      '0': [Function: parserOnHeaders],
      '1': [Function: parserOnHeadersComplete],
      '2': [Function: parserOnBody],
      '3': [Function: parserOnMessageComplete],
      '4': [Function: bound onParserExecute],
      _headers: [],
      _url: '',
      socket: [Circular],
      incoming: [Circular],
      outgoing: null,
      maxHeaderPairs: 2000,
      _consumed: true,
      onIncoming: [Function: bound parserOnIncoming],
      parsingHeadersStart: 0
    },
    on: [Function: socketListenerWrap],
    addListener: [Function: socketListenerWrap],
    prependListener: [Function: socketListenerWrap],
    _paused: false,
    _httpMessage: ServerResponse {
      _events: [Object: null prototype],
      _eventsCount: 2,
      _maxListeners: undefined,
      outputData: [],
      outputSize: 0,
      writable: true,
      _last: false,
      chunkedEncoding: false,
      shouldKeepAlive: false,
      useChunkedEncodingByDefault: true,
      sendDate: true,
      _removedConnection: false,
      _removedContLen: false,
      _removedTE: false,
      _contentLength: null,
      _hasBody: true,
      _trailer: '',
      finished: false,
      _headerSent: false,
      socket: [Circular],
      connection: [Circular],
      _header: null,
      _onPendingData: [Function: bound updateOutgoingData],
      _sent100: false,
      _expect_continue: false,
      req: [Circular],
      locals: [Object: null prototype] {},
      _startAt: undefined,
      _startTime: undefined,
      writeHead: [Function: writeHead],
      __onFinished: [Function],
      [Symbol(isCorked)]: false,
      [Symbol(outHeadersKey)]: [Object: null prototype]
    },
    _peername: { address: '::ffff:127.0.0.1', family: 'IPv6', port: 57899 },
    [Symbol(asyncId)]: 351,
    [Symbol(kHandle)]: TCP {
      reading: true,
      onconnection: null,
      _consumed: true,
      [Symbol(owner)]: [Circular]
    },
    [Symbol(lastWriteQueueSize)]: 0,
    [Symbol(timeout)]: Timeout {
      _idleTimeout: 120000,
      _idlePrev: [TimersList],
      _idleNext: [TimersList],
      _idleStart: 818,
      _onTimeout: [Function: bound ],
      _timerArgs: undefined,
      _repeat: null,
      _destroyed: false,
      [Symbol(refed)]: false,
      [Symbol(asyncId)]: 352,
      [Symbol(triggerId)]: 351
    },
    [Symbol(kBytesRead)]: 0,
    [Symbol(kBytesWritten)]: 0
  },
  _consuming: false,
  _dumped: false,
  next: [Function: next],
  baseUrl: '/api/skill',
  originalUrl: '/api/skill?apparatus=lyra%20boy&level=intro',
  _parsedUrl: Url {
    protocol: null,
    slashes: null,
    auth: null,
    host: null,
    port: null,
    hostname: null,
    hash: null,
    search: '?apparatus=lyra%20boy&level=intro',
    query: 'apparatus=lyra%20boy&level=intro',
    pathname: '/',
    path: '/?apparatus=lyra%20boy&level=intro',
    href: '/?apparatus=lyra%20boy&level=intro',
    _raw: '/?apparatus=lyra%20boy&level=intro'
  },
  params: {},
  query: { apparatus: 'lyra boy', level: 'intro' },
  res: ServerResponse {
    _events: [Object: null prototype] {
      finish: [Array],
      end: [Function: onevent]
    },
    _eventsCount: 2,
    _maxListeners: undefined,
    outputData: [],
    outputSize: 0,
    writable: true,
    _last: false,
    chunkedEncoding: false,
    shouldKeepAlive: false,
    useChunkedEncodingByDefault: true,
    sendDate: true,
    _removedConnection: false,
    _removedContLen: false,
    _removedTE: false,
    _contentLength: null,
    _hasBody: true,
    _trailer: '',
    finished: false,
    _headerSent: false,
    socket: Socket {
      connecting: false,
      _hadError: false,
      _parent: null,
      _host: null,
      _readableState: [ReadableState],
      readable: true,
      _events: [Object: null prototype],
      _eventsCount: 8,
      _maxListeners: undefined,
      _writableState: [WritableState],
      writable: true,
      allowHalfOpen: true,
      _sockname: null,
      _pendingData: null,
      _pendingEncoding: '',
      server: [Server],
      _server: [Server],
      timeout: 120000,
      parser: [HTTPParser],
      on: [Function: socketListenerWrap],
      addListener: [Function: socketListenerWrap],
      prependListener: [Function: socketListenerWrap],
      _paused: false,
      _httpMessage: [Circular],
      _peername: [Object],
      [Symbol(asyncId)]: 351,
      [Symbol(kHandle)]: [TCP],
      [Symbol(lastWriteQueueSize)]: 0,
      [Symbol(timeout)]: Timeout {
        _idleTimeout: 120000,
        _idlePrev: [TimersList],
        _idleNext: [TimersList],
        _idleStart: 818,
        _onTimeout: [Function: bound ],
        _timerArgs: undefined,
        _repeat: null,
        _destroyed: false,
        [Symbol(refed)]: false,
        [Symbol(asyncId)]: 352,
        [Symbol(triggerId)]: 351
      },
      [Symbol(kBytesRead)]: 0,
      [Symbol(kBytesWritten)]: 0
    },
    connection: Socket {
      connecting: false,
      _hadError: false,
      _parent: null,
      _host: null,
      _readableState: [ReadableState],
      readable: true,
      _events: [Object: null prototype],
      _eventsCount: 8,
      _maxListeners: undefined,
      _writableState: [WritableState],
      writable: true,
      allowHalfOpen: true,
      _sockname: null,
      _pendingData: null,
      _pendingEncoding: '',
      server: [Server],
      _server: [Server],
      timeout: 120000,
      parser: [HTTPParser],
      on: [Function: socketListenerWrap],
      addListener: [Function: socketListenerWrap],
      prependListener: [Function: socketListenerWrap],
      _paused: false,
      _httpMessage: [Circular],
      _peername: [Object],
      [Symbol(asyncId)]: 351,
      [Symbol(kHandle)]: [TCP],
      [Symbol(lastWriteQueueSize)]: 0,
      [Symbol(timeout)]: Timeout {
        _idleTimeout: 120000,
        _idlePrev: [TimersList],
        _idleNext: [TimersList],
        _idleStart: 818,
        _onTimeout: [Function: bound ],
        _timerArgs: undefined,
        _repeat: null,
        _destroyed: false,
        [Symbol(refed)]: false,
        [Symbol(asyncId)]: 352,
        [Symbol(triggerId)]: 351
      },
      [Symbol(kBytesRead)]: 0,
      [Symbol(kBytesWritten)]: 0
    },
    _header: null,
    _onPendingData: [Function: bound updateOutgoingData],
    _sent100: false,
    _expect_continue: false,
    req: [Circular],
    locals: [Object: null prototype] {},
    _startAt: undefined,
    _startTime: undefined,
    writeHead: [Function: writeHead],
    __onFinished: [Function: listener] { queue: [Array] },
    [Symbol(isCorked)]: false,
    [Symbol(outHeadersKey)]: [Object: null prototype] {
      'x-dns-prefetch-control': [Array],
      'x-frame-options': [Array],
      'strict-transport-security': [Array],
      'x-download-options': [Array],
      'x-content-type-options': [Array],
      'x-xss-protection': [Array]
    }
  },
  _startAt: [ 544233, 17162834 ],
  _startTime: 2019-10-09T23:39:44.864Z,
  _remoteAddress: '::ffff:127.0.0.1',
  route: Route { path: '/', stack: [ [Layer] ], methods: { get: true } }
}
** ** **  undefined
::ffff:127.0.0.1 - - [09/Oct/2019:23:39:44 +0000] "GET /api/skill?apparatus=lyra%20boy&level=intro HTTP/1.1" 500 258
        1) GET /api/skill responds with 200 and all of the skills
running after each
** ** **  single knee spin
::ffff:127.0.0.1 - - [09/Oct/2019:23:39:44 +0000] "GET /api/skill/name/single%20knee%20spin HTTP/1.1" 200 78
        ✓ GET /api/skill/name/:name responds with 200 and all of the skills
running after each


  2 passing (423ms)
  1 failing

  1) skill Endpoints
       GET /api/skill
         Given there are skills in the database
           GET /api/skill responds with 200 and all of the skills:
     Error: expected 200 "OK", got 500 "Internal Server Error"
      at Test._assertStatus (node_modules/supertest/lib/test.js:268:12)
      at Test._assertFunction (node_modules/supertest/lib/test.js:283:11)
      at Test.assert (node_modules/supertest/lib/test.js:173:18)
      at Server.localAssert (node_modules/supertest/lib/test.js:131:12)
      at emitCloseNT (net.js:1572:8)
      at processTicksAndRejections (internal/process/task_queues.js:77:11)



